repo.git.add(A=True)
repo.git.commit (git commit) --allow-empty -m "uNet Sandbox.rar" --date "Fri, 12 Feb 2016 04:50:06 +0100"
repo.git.add(A=True)
repo.git.commit (git commit) --allow-empty -m "uNet Sandbox_worked_on_platformjumper.rar" --date "Sat, 13 Feb 2016 02:53:52 +0100"
repo.git.add(A=True)
repo.git.commit (git commit) --allow-empty -m "uNet Sandbox_worked_on_platformjumper_optimization.rar" --date "Sat, 13 Feb 2016 04:22:57 +0100"
repo.git.add(A=True)
repo.git.commit (git commit) --allow-empty -m "uNet Sandbox_several_changes_fixes_and_optimizations (strucure of animcontroller state positions).rar" --date "Sun, 14 Feb 2016 03:35:34 +0100"
repo.git.add(A=True)
repo.git.commit (git commit) --allow-empty -m "uNet Sandbox(SFConflict, before ramstein fix).rar" --date "Sun, 28 Feb 2016 01:44:18 +0100"
repo.git.add(A=True)
repo.git.commit (git commit) --allow-empty -m "uNet Sandbox_ramstein_sfconflict_fix.rar" --date "Sun, 28 Feb 2016 01:52:27 +0100"
repo.git.add(A=True)
repo.git.commit (git commit) --allow-empty -m "uNet Sandbox_ramstein_1_AssetTools_integration.rar" --date "Mon, 29 Feb 2016 15:54:40 +0100"
repo.git.add(A=True)
repo.git.commit (git commit) --allow-empty -m "uNet Sandbox_ramstein_2_TagsAndLayersReflection.rar" --date "Tue, 01 Mar 2016 01:03:04 +0100"
repo.git.add(A=True)
repo.git.commit (git commit) --allow-empty -m "uNet Sandbox_ramstein_3_SmallFixing.rar" --date "Tue, 01 Mar 2016 01:50:37 +0100"
repo.git.add(A=True)
repo.git.commit (git commit) --allow-empty -m "uNet Sandbox_ramstein_4_CharEditor_FrictionEffect_Networking.rar" --date "Tue, 01 Mar 2016 12:24:45 +0100"
repo.git.add(A=True)
repo.git.commit (git commit) --allow-empty -m "uNet Sandbox_ramstein_5_small_Changes.rar" --date "Wed, 02 Mar 2016 14:50:24 +0100"
repo.git.add(A=True)
repo.git.commit (git commit) --allow-empty -m "uNet Sandbox_ramstein_6_INIT_DeactivatedScripts.rar" --date "Wed, 02 Mar 2016 15:58:56 +0100"
repo.git.add(A=True)
repo.git.commit (git commit) --allow-empty -m "uNet Sandbox_ramstein_7_AnimatorController.rar" --date "Thu, 03 Mar 2016 02:23:01 +0100"
repo.git.add(A=True)
repo.git.commit (git commit) --allow-empty -m "uNet Sandbox_ramstein_7z_8_somthing_between_7and8.rar" --date "Thu, 03 Mar 2016 13:00:00 +0100"
repo.git.add(A=True)
repo.git.commit (git commit) --allow-empty -m "uNet Sandbox_ramstein_8_flip_skid_effect.rar" --date "Thu, 03 Mar 2016 21:53:01 +0100"
repo.git.add(A=True)
repo.git.commit (git commit) --allow-empty -m "2016.03.04_17-11-10_uNet Sandbox.rar" --date "Fri, 04 Mar 2016 17:11:13 +0100"
