load_directory_list...
R:\uNetSandbox                 ... loading ...
R:\uNetSandbox                : directory c3po
R:\uNetSandbox\c3po            ... loading ...
R:\uNetSandbox\c3po           : directory legacyCharacterImporter
R:\uNetSandbox\c3po\legacyCharacterImporter ... loading ...
R:\uNetSandbox\c3po\legacyCharacterImporter: file 2016.03.04_17-11-10_uNet Sandbox.rar
uNet Sandbox\ProjectSettings\GraphicsSettings.asset                                                                      (newest file)
uNet Sandbox\Assets\Animations\Characters\AutoGenerated_used\BBitch_red                                                  (newest directory)
uNet Sandbox\ProjectSettings\GraphicsSettings.asset                                                                      (FILTERED: newest file)
uNet Sandbox\Assets\Animations\Characters\AutoGenerated_used\BBitch_red                                                  (FILTERED: newest directory)
R:\uNetSandbox\c3po\legacyCharacterImporter\2016.03.04_17-11-10_uNet Sandbox.rar: file RAR
R:\uNetSandbox\c3po\legacyCharacterImporter: file uNet Sandbox(SFConflict, before ramstein fix).rar
uNet Sandbox\Build\sandbox_Data\output_log.txt                                                                           (newest file)
uNet Sandbox\Build\sandbox_Data                                                                                          (newest directory)
uNet Sandbox\Assets\Code\Data\TeamCharacter.cs                                                                           (FILTERED: newest file)
uNet Sandbox\Assets\Animations\Characters\AutoGenerated\unnamedChar_yellow                                               (FILTERED: newest directory)
R:\uNetSandbox\c3po\legacyCharacterImporter\uNet Sandbox(SFConflict, before ramstein fix).rar: file RAR
R:\uNetSandbox\c3po\legacyCharacterImporter: file uNet Sandbox_ramstein_1_AssetTools_integration.rar
uNet Sandbox\Assembly-CSharp-Editor.csproj                                                                               (newest file)
uNet Sandbox\Library\assetDatabase3                                                                                      (newest directory)
uNet Sandbox\Assembly-CSharp-Editor.csproj                                                                               (FILTERED: newest file)
uNet Sandbox\Assets\Animations\Characters\AutoGenerated\lkjljkl_green                                                    (FILTERED: newest directory)
R:\uNetSandbox\c3po\legacyCharacterImporter\uNet Sandbox_ramstein_1_AssetTools_integration.rar: file RAR
R:\uNetSandbox\c3po\legacyCharacterImporter: file uNet Sandbox_ramstein_2_TagsAndLayersReflection.rar
uNet Sandbox\Assets\Animations\Characters\AutoGenerated\BBitch_red\BBitch_red_dynamic_Die.asset                          (newest file)
uNet Sandbox\Library\assetDatabase3                                                                                      (newest directory)
uNet Sandbox\Assets\Animations\Characters\AutoGenerated\BBitch_red\BBitch_red_dynamic_Die.asset                          (FILTERED: newest file)
uNet Sandbox\Assets\Animations\Characters\AutoGenerated\BBitch_red                                                       (FILTERED: newest directory)
R:\uNetSandbox\c3po\legacyCharacterImporter\uNet Sandbox_ramstein_2_TagsAndLayersReflection.rar: file RAR
R:\uNetSandbox\c3po\legacyCharacterImporter: file uNet Sandbox_ramstein_3_SmallFixing.rar
uNet Sandbox\Assembly-CSharp.csproj                                                                                      (newest file)
uNet Sandbox\Library\assetDatabase3                                                                                      (newest directory)
uNet Sandbox\Assembly-CSharp.csproj                                                                                      (FILTERED: newest file)
uNet Sandbox\Assets\Animations\Characters\AutoGenerated\BBitch_red                                                       (FILTERED: newest directory)
R:\uNetSandbox\c3po\legacyCharacterImporter\uNet Sandbox_ramstein_3_SmallFixing.rar: file RAR
R:\uNetSandbox\c3po\legacyCharacterImporter: file uNet Sandbox_ramstein_4_CharEditor_FrictionEffect_Networking.rar
uNet Sandbox\Assembly-CSharp.csproj                                                                                      (newest file)
uNet Sandbox\Library\assetDatabase3                                                                                      (newest directory)
uNet Sandbox\Assembly-CSharp.csproj                                                                                      (FILTERED: newest file)
uNet Sandbox\Assets\Animations\Characters\AutoGenerated\BBitch_red                                                       (FILTERED: newest directory)
R:\uNetSandbox\c3po\legacyCharacterImporter\uNet Sandbox_ramstein_4_CharEditor_FrictionEffect_Networking.rar: file RAR
R:\uNetSandbox\c3po\legacyCharacterImporter: file uNet Sandbox_ramstein_5_small_Changes.rar
uNet Sandbox\Assembly-CSharp-Editor.csproj                                                                               (newest file)
uNet Sandbox\Library\AnnotationManager                                                                                   (newest directory)
uNet Sandbox\Assembly-CSharp-Editor.csproj                                                                               (FILTERED: newest file)
uNet Sandbox\Assets\Code\SMW\Character\Editor                                                                            (FILTERED: newest directory)
R:\uNetSandbox\c3po\legacyCharacterImporter\uNet Sandbox_ramstein_5_small_Changes.rar: file RAR
R:\uNetSandbox\c3po\legacyCharacterImporter: file uNet Sandbox_ramstein_6_INIT_DeactivatedScripts.rar
uNet Sandbox\Assembly-CSharp-Editor-firstpass.csproj                                                                     (newest file)
uNet Sandbox\Build\sandbox_Data\globalgamemanagers                                                                       (newest directory)
uNet Sandbox\Assembly-CSharp-Editor-firstpass.csproj                                                                     (FILTERED: newest file)
uNet Sandbox\Assets\Animations\Characters\AutoGenerated\BBitch_red                                                       (FILTERED: newest directory)
R:\uNetSandbox\c3po\legacyCharacterImporter\uNet Sandbox_ramstein_6_INIT_DeactivatedScripts.rar: file RAR
R:\uNetSandbox\c3po\legacyCharacterImporter: file uNet Sandbox_ramstein_7z_8_somthing_between_7and8.rar
replacing timestamp: uNet Sandbox_ramstein_7z_8_somthing_between_7and8.rar
uNet Sandbox\Library\CurrentLayout.dwlt                                                                                  (newest file)
uNet Sandbox\Library\assetDatabase3                                                                                      (newest directory)
uNet Sandbox\ProjectSettings\GraphicsSettings.asset                                                                      (FILTERED: newest file)
uNet Sandbox\ProjectSettings                                                                                             (FILTERED: newest directory)
R:\uNetSandbox\c3po\legacyCharacterImporter\uNet Sandbox_ramstein_7z_8_somthing_between_7and8.rar: file RAR
R:\uNetSandbox\c3po\legacyCharacterImporter: file uNet Sandbox_ramstein_7_AnimatorController.rar
uNet Sandbox\Assets\Animations\Characters\AutoGenerated\BBitch_red\manual_AnimatorController.controller                  (newest file)
uNet Sandbox\Assets\Animations\Characters\AutoGenerated\BBitch_red                                                       (newest directory)
uNet Sandbox\Assets\Animations\Characters\AutoGenerated\BBitch_red\manual_AnimatorController.controller                  (FILTERED: newest file)
uNet Sandbox\Assets\Animations\Characters\AutoGenerated\BBitch_red                                                       (FILTERED: newest directory)
R:\uNetSandbox\c3po\legacyCharacterImporter\uNet Sandbox_ramstein_7_AnimatorController.rar: file RAR
R:\uNetSandbox\c3po\legacyCharacterImporter: file uNet Sandbox_ramstein_8_flip_skid_effect.rar
uNet Sandbox\Assets\Animations\Characters\AutoGenerated_used\BBitch_red\manual_AnimatorController.controller             (newest file)
uNet Sandbox\Assets\Animations\Characters\AutoGenerated_used\BBitch_red                                                  (newest directory)
uNet Sandbox\Assets\Animations\Characters\AutoGenerated_used\BBitch_red\manual_AnimatorController.controller             (FILTERED: newest file)
uNet Sandbox\Assets\Animations\Characters\AutoGenerated_used\BBitch_red                                                  (FILTERED: newest directory)
R:\uNetSandbox\c3po\legacyCharacterImporter\uNet Sandbox_ramstein_8_flip_skid_effect.rar: file RAR
R:\uNetSandbox\c3po\legacyCharacterImporter: file uNet Sandbox_ramstein_sfconflict_fix.rar
uNet Sandbox\Build\sandbox_Data\output_log.txt                                                                           (newest file)
uNet Sandbox\Assets\Animations\Characters\AutoGenerated\unnamedChar_yellow                                               (newest directory)
uNet Sandbox\Assets\Code\Data\TeamCharacter.cs                                                                           (FILTERED: newest file)
uNet Sandbox\Assets\Animations\Characters\AutoGenerated\unnamedChar_yellow                                               (FILTERED: newest directory)
R:\uNetSandbox\c3po\legacyCharacterImporter\uNet Sandbox_ramstein_sfconflict_fix.rar: file RAR
R:\uNetSandbox                : directory r2d2
R:\uNetSandbox\r2d2            ... loading ...
R:\uNetSandbox\r2d2           : file uNet Sandbox.rar
uNet Sandbox\.vs\uNet Sandbox\v14\.suo                                                                                   (newest file)
uNet Sandbox\Library\AnnotationManager                                                                                   (newest directory)
uNet Sandbox\Assets\Animations\Character.meta                                                                            (FILTERED: newest file)
uNet Sandbox\Assets\Animations\Characters\AutoGenerated\_red                                                             (FILTERED: newest directory)
R:\uNetSandbox\r2d2\uNet Sandbox.rar: file RAR
R:\uNetSandbox\r2d2           : file uNet Sandbox_several_changes_fixes_and_optimizations (strucure of animcontroller state positions).rar
uNet Sandbox\.vs\uNet Sandbox\v14\.suo                                                                                   (newest file)
uNet Sandbox\Library\assetDatabase3                                                                                      (newest directory)
uNet Sandbox\Assets\Animations\Characters\AutoGenerated\unnamedChar_yellow\unnamedChar_yellow_scripted_AnimatorController.controller (FILTERED: newest file)
uNet Sandbox\Assets\Animations\Characters\AutoGenerated\unnamedChar_yellow                                               (FILTERED: newest directory)
R:\uNetSandbox\r2d2\uNet Sandbox_several_changes_fixes_and_optimizations (strucure of animcontroller state positions).rar: file RAR
R:\uNetSandbox\r2d2           : file uNet Sandbox_worked_on_platformjumper.rar
uNet Sandbox\.vs\uNet Sandbox\v14\.suo                                                                                   (newest file)
uNet Sandbox\Library\assetDatabase3                                                                                      (newest directory)
uNet Sandbox\Assets\Prefab\Character\Darknut Blue.prefab                                                                 (FILTERED: newest file)
uNet Sandbox\Assets\Prefab\Character                                                                                     (FILTERED: newest directory)
R:\uNetSandbox\r2d2\uNet Sandbox_worked_on_platformjumper.rar: file RAR
R:\uNetSandbox\r2d2           : file uNet Sandbox_worked_on_platformjumper_optimization.rar
uNet Sandbox\.vs\uNet Sandbox\v14\.suo                                                                                   (newest file)
uNet Sandbox\Library\assetDatabase3                                                                                      (newest directory)
uNet Sandbox\Assets\Prefab\Character\Darknut Blue.prefab                                                                 (FILTERED: newest file)
uNet Sandbox\Assets\Prefab\Character                                                                                     (FILTERED: newest directory)
R:\uNetSandbox\r2d2\uNet Sandbox_worked_on_platformjumper_optimization.rar: file RAR

project_list_stats...
project_list_stats, show non rar files = True
2016.03.04_17-11-10_uNet Sandbox.rar 1457107873.0                                                                                  -- 2016.03.04_17-11-10_uNet Sandbox.rar
uNet Sandbox(SFConflict, before ramstein fix).rar 1456620258.0                                                                                  -- uNet Sandbox(SFConflict, before ramstein fix).rar
uNet Sandbox_ramstein_1_AssetTools_integration.rar 1456757680.0                                                                                  -- uNet Sandbox_ramstein_1_AssetTools_integration.rar
uNet Sandbox_ramstein_2_TagsAndLayersReflection.rar 1456790584.0                                                                                  -- uNet Sandbox_ramstein_2_TagsAndLayersReflection.rar
uNet Sandbox_ramstein_3_SmallFixing.rar 1456793437.0                                                                                  -- uNet Sandbox_ramstein_3_SmallFixing.rar
uNet Sandbox_ramstein_4_CharEditor_FrictionEffect_Networking.rar 1456831485.0                                                                                  -- uNet Sandbox_ramstein_4_CharEditor_FrictionEffect_Networking.rar
uNet Sandbox_ramstein_5_small_Changes.rar 1456926624.0                                                                                  -- uNet Sandbox_ramstein_5_small_Changes.rar
uNet Sandbox_ramstein_6_INIT_DeactivatedScripts.rar 1456930736.0                                                                                  -- uNet Sandbox_ramstein_6_INIT_DeactivatedScripts.rar
uNet Sandbox_ramstein_7z_8_somthing_between_7and8.rar 1457006400                                                                                  -- uNet Sandbox_ramstein_7z_8_somthing_between_7and8.rar
uNet Sandbox_ramstein_7_AnimatorController.rar 1456968181.0                                                                                  -- uNet Sandbox_ramstein_7_AnimatorController.rar
uNet Sandbox_ramstein_8_flip_skid_effect.rar 1457038381.0                                                                                  -- uNet Sandbox_ramstein_8_flip_skid_effect.rar
uNet Sandbox_ramstein_sfconflict_fix.rar 1456620747.0                                                                                  -- uNet Sandbox_ramstein_sfconflict_fix.rar
uNet Sandbox.rar 1455249006.0                                                                                  -- uNet Sandbox.rar
uNet Sandbox_several_changes_fixes_and_optimizations (strucure of animcontroller state positions).rar 1455417334.0                                                                                  -- uNet Sandbox_several_changes_fixes_and_optimizations (strucure of animcontroller state positions).rar
uNet Sandbox_worked_on_platformjumper.rar 1455328432.0                                                                                  -- uNet Sandbox_worked_on_platformjumper.rar
uNet Sandbox_worked_on_platformjumper_optimization.rar 1455333777.0                                                                                  -- uNet Sandbox_worked_on_platformjumper_optimization.rar
num of projects: 16
num of rar-files: 16
AUTO MODE
FORCED STOP AFTER DB INIT (continue with 'y')
show RAR content: root elements
num_of_rar_files              : 16

RAR global_rar_root_elements (all projects summarized)
	uNet Sandbox
	Animator Controller.docx

RAR root elements folders/files by project
file                                                                                                                               root folder                                             amount of root Elements
uNet Sandbox.rar                                                                                                                   uNet Sandbox                                            1
uNet Sandbox_worked_on_platformjumper.rar                                                                                          uNet Sandbox                                            1
uNet Sandbox_worked_on_platformjumper_optimization.rar                                                                             uNet Sandbox                                            1
uNet Sandbox_several_changes_fixes_and_optimizations (strucure of animcontroller state positions).rar                              uNet Sandbox                                            1
uNet Sandbox(SFConflict, before ramstein fix).rar                                                                                  uNet Sandbox                                            1
uNet Sandbox_ramstein_sfconflict_fix.rar                                                                                           uNet Sandbox                                            1
uNet Sandbox_ramstein_1_AssetTools_integration.rar                                                                                 uNet Sandbox                                            1
uNet Sandbox_ramstein_2_TagsAndLayersReflection.rar                                                                                uNet Sandbox                                            1
uNet Sandbox_ramstein_3_SmallFixing.rar                                                                                            uNet Sandbox                                            1
uNet Sandbox_ramstein_4_CharEditor_FrictionEffect_Networking.rar                                                                   uNet Sandbox                                            1
uNet Sandbox_ramstein_5_small_Changes.rar                                                                                          uNet Sandbox                                            1
uNet Sandbox_ramstein_6_INIT_DeactivatedScripts.rar                                                                                uNet Sandbox                                            1
uNet Sandbox_ramstein_7_AnimatorController.rar                                                                                     ------------------------------------------------        2
|>                                                                                                                              [1] uNet Sandbox                                           
|>                                                                                                                              [2] Animator Controller.docx                               
uNet Sandbox_ramstein_7z_8_somthing_between_7and8.rar                                                                              uNet Sandbox                                            1
uNet Sandbox_ramstein_8_flip_skid_effect.rar                                                                                       uNet Sandbox                                            1
2016.03.04_17-11-10_uNet Sandbox.rar                                                                                               uNet Sandbox                                            1
AUTO MODE
AUTO MODE
FORCED STOP BEFORE WORKFLOW STARTS (continue with 'y')R:\extractTest                                     ... is folder and exists
R:\repoTest
repo didn't exists, create folder and init repo ...
git init
copy .gitignore

Starting with workflow of 16 projects...

 1  /16  ... uNet Sandbox.rar                                   ... extracting
rm R:\repoTest -r -e:.git .gitignore
exclusions: ['.git', '.gitignore']
exclusions found .git
exclusions found .gitignore
filtered_members 29 / 783 are going to get extracted...
extract (use_filter=True) R:\uNetSandbox\r2d2\uNet Sandbox.rar ------> .... rarf.extractall .... R:\extractTest)
cd to extracted project folder
R:\extractTest\uNet Sandbox exists? True
R:\extractTest\uNet Sandbox    ... loading ...
R:\extractTest\uNet Sandbox   : directory uNet Sandbox
R:\extractTest\uNet Sandbox\uNet Sandbox ... loading ...
R:\extractTest\uNet Sandbox\uNet Sandbox: directory Assets
R:\extractTest\uNet Sandbox\uNet Sandbox: directory Assets
--- R:\extractTest\uNet Sandbox\uNet Sandbox           : is repo base dir
git add .
is_dirty: Changes detected.
--allow-empty -m "uNet Sandbox.rar" --date "Fri, 12 Feb 2016 04:50:06 +0100"

 2  /16  ... uNet Sandbox_worked_on_platformjumper.rar          ... extracting
rm R:\repoTest -r -e:.git .gitignore
exclusions: ['.git', '.gitignore']
exclusions found .git
exclusions found .gitignore
filtered_members 41 / 972 are going to get extracted...
extract (use_filter=True) R:\uNetSandbox\r2d2\uNet Sandbox_worked_on_platformjumper.rar ------> .... rarf.extractall .... R:\extractTest)
cd to extracted project folder
R:\extractTest\uNet Sandbox_worked_on_platformjumper exists? True
R:\extractTest\uNet Sandbox_worked_on_platformjumper ... loading ...
R:\extractTest\uNet Sandbox_worked_on_platformjumper: directory uNet Sandbox
R:\extractTest\uNet Sandbox_worked_on_platformjumper\uNet Sandbox ... loading ...
R:\extractTest\uNet Sandbox_worked_on_platformjumper\uNet Sandbox: directory Assets
R:\extractTest\uNet Sandbox_worked_on_platformjumper\uNet Sandbox: directory Assets
--- R:\extractTest\uNet Sandbox_worked_on_platformjumper\uNet Sandbox : is repo base dir
git add .
is_dirty: Changes detected.
--allow-empty -m "uNet Sandbox_worked_on_platformjumper.rar" --date "Sat, 13 Feb 2016 02:53:52 +0100"

 3  /16  ... uNet Sandbox_worked_on_platformjumper_optimization.rar ... extracting
rm R:\repoTest -r -e:.git .gitignore
exclusions: ['.git', '.gitignore']
exclusions found .git
exclusions found .gitignore
filtered_members 41 / 972 are going to get extracted...
extract (use_filter=True) R:\uNetSandbox\r2d2\uNet Sandbox_worked_on_platformjumper_optimization.rar ------> .... rarf.extractall .... R:\extractTest)
cd to extracted project folder
R:\extractTest\uNet Sandbox_worked_on_platformjumper_optimization exists? True
R:\extractTest\uNet Sandbox_worked_on_platformjumper_optimization ... loading ...
R:\extractTest\uNet Sandbox_worked_on_platformjumper_optimization: directory uNet Sandbox
R:\extractTest\uNet Sandbox_worked_on_platformjumper_optimization\uNet Sandbox ... loading ...
R:\extractTest\uNet Sandbox_worked_on_platformjumper_optimization\uNet Sandbox: directory Assets
R:\extractTest\uNet Sandbox_worked_on_platformjumper_optimization\uNet Sandbox: directory Assets
--- R:\extractTest\uNet Sandbox_worked_on_platformjumper_optimization\uNet Sandbox : is repo base dir
git add .
is_dirty: Changes detected.
--allow-empty -m "uNet Sandbox_worked_on_platformjumper_optimization.rar" --date "Sat, 13 Feb 2016 04:22:57 +0100"

 4  /16  ... uNet Sandbox_several_changes_fixes_and_optimizations (strucure of animcontroller state positions).rar ... extracting
rm R:\repoTest -r -e:.git .gitignore
exclusions: ['.git', '.gitignore']
exclusions found .git
exclusions found .gitignore
filtered_members 42 / 1763 are going to get extracted...
extract (use_filter=True) R:\uNetSandbox\r2d2\uNet Sandbox_several_changes_fixes_and_optimizations (strucure of animcontroller state positions).rar ------> .... rarf.extractall .... R:\extractTest)
cd to extracted project folder
R:\extractTest\uNet Sandbox_several_changes_fixes_and_optimizations (strucure of animcontroller state positions) exists? True
R:\extractTest\uNet Sandbox_several_changes_fixes_and_optimizations (strucure of animcontroller state positions) ... loading ...
R:\extractTest\uNet Sandbox_several_changes_fixes_and_optimizations (strucure of animcontroller state positions): directory uNet Sandbox
R:\extractTest\uNet Sandbox_several_changes_fixes_and_optimizations (strucure of animcontroller state positions)\uNet Sandbox ... loading ...
R:\extractTest\uNet Sandbox_several_changes_fixes_and_optimizations (strucure of animcontroller state positions)\uNet Sandbox: directory Assets
R:\extractTest\uNet Sandbox_several_changes_fixes_and_optimizations (strucure of animcontroller state positions)\uNet Sandbox: directory Assets
--- R:\extractTest\uNet Sandbox_several_changes_fixes_and_optimizations (strucure of animcontroller state positions)\uNet Sandbox : is repo base dir
git add .
is_dirty: Changes detected.
--allow-empty -m "uNet Sandbox_several_changes_fixes_and_optimizations (strucure of animcontroller state positions).rar" --date "Sun, 14 Feb 2016 03:35:34 +0100"

 5  /16  ... uNet Sandbox(SFConflict, before ramstein fix).rar  ... extracting
rm R:\repoTest -r -e:.git .gitignore
exclusions: ['.git', '.gitignore']
exclusions found .git
exclusions found .gitignore
filtered_members 58 / 1913 are going to get extracted...
extract (use_filter=True) R:\uNetSandbox\c3po\legacyCharacterImporter\uNet Sandbox(SFConflict, before ramstein fix).rar ------> .... rarf.extractall .... R:\extractTest)
cd to extracted project folder
R:\extractTest\uNet Sandbox(SFConflict, before ramstein fix) exists? True
R:\extractTest\uNet Sandbox(SFConflict, before ramstein fix) ... loading ...
R:\extractTest\uNet Sandbox(SFConflict, before ramstein fix): directory uNet Sandbox
R:\extractTest\uNet Sandbox(SFConflict, before ramstein fix)\uNet Sandbox ... loading ...
R:\extractTest\uNet Sandbox(SFConflict, before ramstein fix)\uNet Sandbox: directory Assets
R:\extractTest\uNet Sandbox(SFConflict, before ramstein fix)\uNet Sandbox: directory Assets
--- R:\extractTest\uNet Sandbox(SFConflict, before ramstein fix)\uNet Sandbox : is repo base dir
git add .
is_dirty: Changes detected.
--allow-empty -m "uNet Sandbox(SFConflict, before ramstein fix).rar" --date "Sun, 28 Feb 2016 01:44:18 +0100"

 6  /16  ... uNet Sandbox_ramstein_sfconflict_fix.rar           ... extracting
rm R:\repoTest -r -e:.git .gitignore
exclusions: ['.git', '.gitignore']
exclusions found .git
exclusions found .gitignore
filtered_members 50 / 1861 are going to get extracted...
extract (use_filter=True) R:\uNetSandbox\c3po\legacyCharacterImporter\uNet Sandbox_ramstein_sfconflict_fix.rar ------> .... rarf.extractall .... R:\extractTest)
cd to extracted project folder
R:\extractTest\uNet Sandbox_ramstein_sfconflict_fix exists? True
R:\extractTest\uNet Sandbox_ramstein_sfconflict_fix ... loading ...
R:\extractTest\uNet Sandbox_ramstein_sfconflict_fix: directory uNet Sandbox
R:\extractTest\uNet Sandbox_ramstein_sfconflict_fix\uNet Sandbox ... loading ...
R:\extractTest\uNet Sandbox_ramstein_sfconflict_fix\uNet Sandbox: directory Assets
R:\extractTest\uNet Sandbox_ramstein_sfconflict_fix\uNet Sandbox: directory Assets
--- R:\extractTest\uNet Sandbox_ramstein_sfconflict_fix\uNet Sandbox : is repo base dir
git add .
is_dirty: Changes detected.
--allow-empty -m "uNet Sandbox_ramstein_sfconflict_fix.rar" --date "Sun, 28 Feb 2016 01:52:27 +0100"

 7  /16  ... uNet Sandbox_ramstein_1_AssetTools_integration.rar ... extracting
rm R:\repoTest -r -e:.git .gitignore
exclusions: ['.git', '.gitignore']
exclusions found .git
exclusions found .gitignore
filtered_members 50 / 1824 are going to get extracted...
extract (use_filter=True) R:\uNetSandbox\c3po\legacyCharacterImporter\uNet Sandbox_ramstein_1_AssetTools_integration.rar ------> .... rarf.extractall .... R:\extractTest)
cd to extracted project folder
R:\extractTest\uNet Sandbox_ramstein_1_AssetTools_integration exists? True
R:\extractTest\uNet Sandbox_ramstein_1_AssetTools_integration ... loading ...
R:\extractTest\uNet Sandbox_ramstein_1_AssetTools_integration: directory uNet Sandbox
R:\extractTest\uNet Sandbox_ramstein_1_AssetTools_integration\uNet Sandbox ... loading ...
R:\extractTest\uNet Sandbox_ramstein_1_AssetTools_integration\uNet Sandbox: directory Assets
R:\extractTest\uNet Sandbox_ramstein_1_AssetTools_integration\uNet Sandbox: directory Assets
--- R:\extractTest\uNet Sandbox_ramstein_1_AssetTools_integration\uNet Sandbox : is repo base dir
git add .
is_dirty: Changes detected.
--allow-empty -m "uNet Sandbox_ramstein_1_AssetTools_integration.rar" --date "Mon, 29 Feb 2016 15:54:40 +0100"

 8  /16  ... uNet Sandbox_ramstein_2_TagsAndLayersReflection.rar ... extracting
rm R:\repoTest -r -e:.git .gitignore
exclusions: ['.git', '.gitignore']
exclusions found .git
exclusions found .gitignore
filtered_members 52 / 1840 are going to get extracted...
extract (use_filter=True) R:\uNetSandbox\c3po\legacyCharacterImporter\uNet Sandbox_ramstein_2_TagsAndLayersReflection.rar ------> .... rarf.extractall .... R:\extractTest)
cd to extracted project folder
R:\extractTest\uNet Sandbox_ramstein_2_TagsAndLayersReflection exists? True
R:\extractTest\uNet Sandbox_ramstein_2_TagsAndLayersReflection ... loading ...
R:\extractTest\uNet Sandbox_ramstein_2_TagsAndLayersReflection: directory uNet Sandbox
R:\extractTest\uNet Sandbox_ramstein_2_TagsAndLayersReflection\uNet Sandbox ... loading ...
R:\extractTest\uNet Sandbox_ramstein_2_TagsAndLayersReflection\uNet Sandbox: directory Assets
R:\extractTest\uNet Sandbox_ramstein_2_TagsAndLayersReflection\uNet Sandbox: directory Assets
--- R:\extractTest\uNet Sandbox_ramstein_2_TagsAndLayersReflection\uNet Sandbox : is repo base dir
git add .
is_dirty: Changes detected.
--allow-empty -m "uNet Sandbox_ramstein_2_TagsAndLayersReflection.rar" --date "Tue, 01 Mar 2016 01:03:04 +0100"

 9  /16  ... uNet Sandbox_ramstein_3_SmallFixing.rar            ... extracting
rm R:\repoTest -r -e:.git .gitignore
exclusions: ['.git', '.gitignore']
exclusions found .git
exclusions found .gitignore
filtered_members 52 / 1840 are going to get extracted...
extract (use_filter=True) R:\uNetSandbox\c3po\legacyCharacterImporter\uNet Sandbox_ramstein_3_SmallFixing.rar ------> .... rarf.extractall .... R:\extractTest)
cd to extracted project folder
R:\extractTest\uNet Sandbox_ramstein_3_SmallFixing exists? True
R:\extractTest\uNet Sandbox_ramstein_3_SmallFixing ... loading ...
R:\extractTest\uNet Sandbox_ramstein_3_SmallFixing: directory uNet Sandbox
R:\extractTest\uNet Sandbox_ramstein_3_SmallFixing\uNet Sandbox ... loading ...
R:\extractTest\uNet Sandbox_ramstein_3_SmallFixing\uNet Sandbox: directory Assets
R:\extractTest\uNet Sandbox_ramstein_3_SmallFixing\uNet Sandbox: directory Assets
--- R:\extractTest\uNet Sandbox_ramstein_3_SmallFixing\uNet Sandbox : is repo base dir
git add .
is_dirty: Changes detected.
--allow-empty -m "uNet Sandbox_ramstein_3_SmallFixing.rar" --date "Tue, 01 Mar 2016 01:50:37 +0100"

 10 /16  ... uNet Sandbox_ramstein_4_CharEditor_FrictionEffect_Networking.rar ... extracting
rm R:\repoTest -r -e:.git .gitignore
exclusions: ['.git', '.gitignore']
exclusions found .git
exclusions found .gitignore
filtered_members 52 / 1856 are going to get extracted...
extract (use_filter=True) R:\uNetSandbox\c3po\legacyCharacterImporter\uNet Sandbox_ramstein_4_CharEditor_FrictionEffect_Networking.rar ------> .... rarf.extractall .... R:\extractTest)
cd to extracted project folder
R:\extractTest\uNet Sandbox_ramstein_4_CharEditor_FrictionEffect_Networking exists? True
R:\extractTest\uNet Sandbox_ramstein_4_CharEditor_FrictionEffect_Networking ... loading ...
R:\extractTest\uNet Sandbox_ramstein_4_CharEditor_FrictionEffect_Networking: directory uNet Sandbox
R:\extractTest\uNet Sandbox_ramstein_4_CharEditor_FrictionEffect_Networking\uNet Sandbox ... loading ...
R:\extractTest\uNet Sandbox_ramstein_4_CharEditor_FrictionEffect_Networking\uNet Sandbox: directory Assets
R:\extractTest\uNet Sandbox_ramstein_4_CharEditor_FrictionEffect_Networking\uNet Sandbox: directory Assets
--- R:\extractTest\uNet Sandbox_ramstein_4_CharEditor_FrictionEffect_Networking\uNet Sandbox : is repo base dir
git add .
is_dirty: Changes detected.
--allow-empty -m "uNet Sandbox_ramstein_4_CharEditor_FrictionEffect_Networking.rar" --date "Tue, 01 Mar 2016 12:24:45 +0100"

 11 /16  ... uNet Sandbox_ramstein_5_small_Changes.rar          ... extracting
rm R:\repoTest -r -e:.git .gitignore
exclusions: ['.git', '.gitignore']
exclusions found .git
exclusions found .gitignore
filtered_members 54 / 1866 are going to get extracted...
extract (use_filter=True) R:\uNetSandbox\c3po\legacyCharacterImporter\uNet Sandbox_ramstein_5_small_Changes.rar ------> .... rarf.extractall .... R:\extractTest)
cd to extracted project folder
R:\extractTest\uNet Sandbox_ramstein_5_small_Changes exists? True
R:\extractTest\uNet Sandbox_ramstein_5_small_Changes ... loading ...
R:\extractTest\uNet Sandbox_ramstein_5_small_Changes: directory uNet Sandbox
R:\extractTest\uNet Sandbox_ramstein_5_small_Changes\uNet Sandbox ... loading ...
R:\extractTest\uNet Sandbox_ramstein_5_small_Changes\uNet Sandbox: directory Assets
R:\extractTest\uNet Sandbox_ramstein_5_small_Changes\uNet Sandbox: directory Assets
--- R:\extractTest\uNet Sandbox_ramstein_5_small_Changes\uNet Sandbox : is repo base dir
git add .
is_dirty: Changes detected.
--allow-empty -m "uNet Sandbox_ramstein_5_small_Changes.rar" --date "Wed, 02 Mar 2016 14:50:24 +0100"

 12 /16  ... uNet Sandbox_ramstein_6_INIT_DeactivatedScripts.rar ... extracting
rm R:\repoTest -r -e:.git .gitignore
exclusions: ['.git', '.gitignore']
exclusions found .git
exclusions found .gitignore
filtered_members 55 / 1874 are going to get extracted...
extract (use_filter=True) R:\uNetSandbox\c3po\legacyCharacterImporter\uNet Sandbox_ramstein_6_INIT_DeactivatedScripts.rar ------> .... rarf.extractall .... R:\extractTest)
cd to extracted project folder
R:\extractTest\uNet Sandbox_ramstein_6_INIT_DeactivatedScripts exists? True
R:\extractTest\uNet Sandbox_ramstein_6_INIT_DeactivatedScripts ... loading ...
R:\extractTest\uNet Sandbox_ramstein_6_INIT_DeactivatedScripts: directory uNet Sandbox
R:\extractTest\uNet Sandbox_ramstein_6_INIT_DeactivatedScripts\uNet Sandbox ... loading ...
R:\extractTest\uNet Sandbox_ramstein_6_INIT_DeactivatedScripts\uNet Sandbox: directory Assets
R:\extractTest\uNet Sandbox_ramstein_6_INIT_DeactivatedScripts\uNet Sandbox: directory Assets
--- R:\extractTest\uNet Sandbox_ramstein_6_INIT_DeactivatedScripts\uNet Sandbox : is repo base dir
git add .
is_dirty: Changes detected.
--allow-empty -m "uNet Sandbox_ramstein_6_INIT_DeactivatedScripts.rar" --date "Wed, 02 Mar 2016 15:58:56 +0100"

 13 /16  ... uNet Sandbox_ramstein_7_AnimatorController.rar     ... extracting
rm R:\repoTest -r -e:.git .gitignore
exclusions: ['.git', '.gitignore']
exclusions found .git
exclusions found .gitignore
filtered_members 56 / 425 are going to get extracted...
extract (use_filter=True) R:\uNetSandbox\c3po\legacyCharacterImporter\uNet Sandbox_ramstein_7_AnimatorController.rar ------> .... rarf.extractall .... R:\extractTest)
cd to extracted project folder
R:\extractTest\uNet Sandbox_ramstein_7_AnimatorController exists? True
R:\extractTest\uNet Sandbox_ramstein_7_AnimatorController ... loading ...
R:\extractTest\uNet Sandbox_ramstein_7_AnimatorController: directory uNet Sandbox
R:\extractTest\uNet Sandbox_ramstein_7_AnimatorController\uNet Sandbox ... loading ...
R:\extractTest\uNet Sandbox_ramstein_7_AnimatorController\uNet Sandbox: directory Assets
R:\extractTest\uNet Sandbox_ramstein_7_AnimatorController\uNet Sandbox: directory Assets
--- R:\extractTest\uNet Sandbox_ramstein_7_AnimatorController\uNet Sandbox : is repo base dir
git add .
is_dirty: Changes detected.
--allow-empty -m "uNet Sandbox_ramstein_7_AnimatorController.rar" --date "Thu, 03 Mar 2016 02:23:01 +0100"

 14 /16  ... uNet Sandbox_ramstein_7z_8_somthing_between_7and8.rar ... extracting
rm R:\repoTest -r -e:.git .gitignore
exclusions: ['.git', '.gitignore']
exclusions found .git
exclusions found .gitignore
filtered_members 56 / 1142 are going to get extracted...
extract (use_filter=True) R:\uNetSandbox\c3po\legacyCharacterImporter\uNet Sandbox_ramstein_7z_8_somthing_between_7and8.rar ------> .... rarf.extractall .... R:\extractTest)
cd to extracted project folder
R:\extractTest\uNet Sandbox_ramstein_7z_8_somthing_between_7and8 exists? True
R:\extractTest\uNet Sandbox_ramstein_7z_8_somthing_between_7and8 ... loading ...
R:\extractTest\uNet Sandbox_ramstein_7z_8_somthing_between_7and8: directory uNet Sandbox
R:\extractTest\uNet Sandbox_ramstein_7z_8_somthing_between_7and8\uNet Sandbox ... loading ...
R:\extractTest\uNet Sandbox_ramstein_7z_8_somthing_between_7and8\uNet Sandbox: directory Assets
R:\extractTest\uNet Sandbox_ramstein_7z_8_somthing_between_7and8\uNet Sandbox: directory Assets
--- R:\extractTest\uNet Sandbox_ramstein_7z_8_somthing_between_7and8\uNet Sandbox : is repo base dir
git add .
is_dirty: Changes detected.
--allow-empty -m "uNet Sandbox_ramstein_7z_8_somthing_between_7and8.rar" --date "Thu, 03 Mar 2016 13:00:00 +0100"

 15 /16  ... uNet Sandbox_ramstein_8_flip_skid_effect.rar       ... extracting
rm R:\repoTest -r -e:.git .gitignore
exclusions: ['.git', '.gitignore']
exclusions found .git
exclusions found .gitignore
filtered_members 56 / 387 are going to get extracted...
extract (use_filter=True) R:\uNetSandbox\c3po\legacyCharacterImporter\uNet Sandbox_ramstein_8_flip_skid_effect.rar ------> .... rarf.extractall .... R:\extractTest)
cd to extracted project folder
R:\extractTest\uNet Sandbox_ramstein_8_flip_skid_effect exists? True
R:\extractTest\uNet Sandbox_ramstein_8_flip_skid_effect ... loading ...
R:\extractTest\uNet Sandbox_ramstein_8_flip_skid_effect: directory uNet Sandbox
R:\extractTest\uNet Sandbox_ramstein_8_flip_skid_effect\uNet Sandbox ... loading ...
R:\extractTest\uNet Sandbox_ramstein_8_flip_skid_effect\uNet Sandbox: directory Assets
R:\extractTest\uNet Sandbox_ramstein_8_flip_skid_effect\uNet Sandbox: directory Assets
--- R:\extractTest\uNet Sandbox_ramstein_8_flip_skid_effect\uNet Sandbox : is repo base dir
git add .
is_dirty: Changes detected.
--allow-empty -m "uNet Sandbox_ramstein_8_flip_skid_effect.rar" --date "Thu, 03 Mar 2016 21:53:01 +0100"

 16 /16  ... 2016.03.04_17-11-10_uNet Sandbox.rar               ... extracting
rm R:\repoTest -r -e:.git .gitignore
exclusions: ['.git', '.gitignore']
exclusions found .git
exclusions found .gitignore
filtered_members 56 / 386 are going to get extracted...
extract (use_filter=True) R:\uNetSandbox\c3po\legacyCharacterImporter\2016.03.04_17-11-10_uNet Sandbox.rar ------> .... rarf.extractall .... R:\extractTest)
cd to extracted project folder
R:\extractTest\2016.03.04_17-11-10_uNet Sandbox exists? True
R:\extractTest\2016.03.04_17-11-10_uNet Sandbox ... loading ...
R:\extractTest\2016.03.04_17-11-10_uNet Sandbox: directory uNet Sandbox
R:\extractTest\2016.03.04_17-11-10_uNet Sandbox\uNet Sandbox ... loading ...
R:\extractTest\2016.03.04_17-11-10_uNet Sandbox\uNet Sandbox: directory Assets
R:\extractTest\2016.03.04_17-11-10_uNet Sandbox\uNet Sandbox: directory Assets
--- R:\extractTest\2016.03.04_17-11-10_uNet Sandbox\uNet Sandbox : is repo base dir
git add .
NOT is_dirty
uNet Sandbox_ramstein_8_flip_skid_effect.rar === 2016.03.04_17-11-10_uNet Sandbox.rar
--allow-empty -m "2016.03.04_17-11-10_uNet Sandbox.rar" --date "Fri, 04 Mar 2016 17:11:13 +0100"
projects equal
uNet Sandbox_ramstein_8_flip_skid_effect.rar === 2016.03.04_17-11-10_uNet Sandbox.rar
R:\uNetSandbox\c3po\legacyCharacterImporter\uNet Sandbox_ramstein_8_flip_skid_effect.rar
R:\uNetSandbox\c3po\legacyCharacterImporter\2016.03.04_17-11-10_uNet Sandbox.rar

